Arguments: 
  /Users/berkaey/.nvm/versions/node/v9.11.2/bin/node /Users/berkaey/.nvm/versions/node/v9.11.2/bin/yarn

PATH: 
  /Library/Frameworks/Python.framework/Versions/3.6/bin:/Users/berkaey/.nvm/versions/node/v9.11.2/bin:/usr/local/bin:/usr/bin:/bin:/usr/sbin:/sbin

Yarn version: 
  1.9.4

Node version: 
  9.11.2

Platform: 
  darwin x64

Trace: 
  Error: ENOTDIR: not a directory, scandir '/Users/berkaey/Library/Caches/Yarn/v2/npm-react-scenes-0.0.0-572e5bc0-c8f1-4c03-b09d-49c8d0151ea7-1543387104797'

npm manifest: 
  {
    "name": "my-library",
    "version": "1.0.0",
    "main": "index.js",
    "license": "MIT",
    "dependencies": {
      "next": "^7.0.2",
      "react": "^16.6.3",
      "react-dom": "^16.6.3",
      "react-scenes": "file:../../lib/index.es.js",
      "styled-components": "^4.1.1"
    },
    "scripts": {
      "dev": "next",
      "build": "next build",
      "start": "next start",
      "export": "next export"
    }
  }

yarn manifest: 
  No manifest

Lockfile: 
  No lockfile
